<?xml version="1.0" encoding="UTF-8"?>
<!-- Generated by org.testng.reporters.JUnitReportReporter -->
<testsuite hostname="DESKTOP-VQK48M8" failures="0" tests="4" name="pradnya.testcases.TestNgPriority" time="0.028" errors="0" timestamp="2023-08-05T03:11:08 IST" skipped="0">
  <testcase classname="pradnya.testcases.TestNgPriority" name="test4" time="0.021"/>
  <testcase classname="pradnya.testcases.TestNgPriority" name="test3" time="0.002"/>
  <testcase classname="pradnya.testcases.TestNgPriority" name="test1" time="0.003"/>
  <testcase classname="pradnya.testcases.TestNgPriority" name="ab" time="0.002"/>
</testsuite> <!-- pradnya.testcases.TestNgPriority -->
