<?xml version="1.0" encoding="UTF-8"?>
<!-- Generated by org.testng.reporters.JUnitReportReporter -->
<testsuite hostname="DESKTOP-VQK48M8" failures="0" tests="1" name="pradnya.testcases.TestCase1" time="10.916" errors="0" timestamp="2023-08-13T23:33:01 IST" skipped="0">
  <testcase classname="pradnya.testcases.TestCase1" name="verifyPageTitle" time="10.916"/>
</testsuite> <!-- pradnya.testcases.TestCase1 -->
