<?xml version="1.0" encoding="UTF-8"?>
<!-- Generated by org.testng.reporters.JUnitReportReporter -->
<testsuite hostname="DESKTOP-VQK48M8" failures="0" tests="3" name="pradnya.testcases.TestNGAnnotations" time="0.032" errors="0" timestamp="2023-08-13T23:33:01 IST" skipped="0">
  <testcase classname="pradnya.testcases.TestNGAnnotations" name="TestCase2" time="0.010"/>
  <testcase classname="pradnya.testcases.TestNGAnnotations" name="TestCase3" time="0.004"/>
  <testcase classname="pradnya.testcases.TestNGAnnotations" name="TestCase1" time="0.018"/>
</testsuite> <!-- pradnya.testcases.TestNGAnnotations -->
